#
# There is insufficient memory for the Java Runtime Environment to continue.
# Native memory allocation (malloc) failed to allocate 146272 bytes for Chunk::new
# Possible reasons:
#   The system is out of physical RAM or swap space
#   The process is running with CompressedOops enabled, and the Java Heap may be blocking the growth of the native heap
# Possible solutions:
#   Reduce memory load on the system
#   Increase physical memory or swap space
#   Check if swap backing store is full
#   Decrease Java heap size (-Xmx/-Xms)
#   Decrease number of Java threads
#   Decrease Java thread stack sizes (-Xss)
#   Set larger code cache with -XX:ReservedCodeCacheSize=
#   JVM is running with Unscaled Compressed Oops mode in which the Java heap is
#     placed in the first 4GB address space. The Java Heap base address is the
#     maximum limit for the native heap growth. Please use -XX:HeapBaseMinAddress
#     to set the Java Heap base and to place the Java Heap above 4GB virtual address.
# This output file may be truncated or incomplete.
#
#  Out of Memory Error (allocation.cpp:389), pid=10012, tid=0x0000000000003be4
#
# JRE version: OpenJDK Runtime Environment (8.0) (build 1.8.0-25-microsoft-b00)
# Java VM: OpenJDK 64-Bit Server VM (25.71-b00 mixed mode windows-amd64 compressed oops)
# Failed to write core dump. Minidumps are not enabled by default on client versions of Windows
#

---------------  T H R E A D  ---------------

Current thread (0x0000000014d8d000):  JavaThread "C2 CompilerThread1" daemon [_thread_in_native, id=15332, stack(0x00000000164e0000,0x00000000165e0000)]

Stack: [0x00000000164e0000,0x00000000165e0000]
[error occurred during error reporting (printing stack bounds), id 0xc0000005]

Native frames: (J=compiled Java code, j=interpreted, Vv=VM code, C=native code)


Current CompileTask:
C2:  14918 2326   !   4       com.android.dx.cf.code.Ropper::processBlock (1101 bytes)


---------------  P R O C E S S  ---------------

Java Threads: ( => current thread )
  0x00000000169c9000 JavaThread "pool-2-thread-1" [_thread_blocked, id=13376, stack(0x0000000016de0000,0x0000000016ee0000)]
  0x00000000169c6800 JavaThread "pool-1-thread-1" [_thread_in_vm, id=14464, stack(0x0000000016ce0000,0x0000000016de0000)]
  0x0000000014dde000 JavaThread "Service Thread" daemon [_thread_blocked, id=15140, stack(0x0000000016ae0000,0x0000000016be0000)]
  0x0000000014d9e800 JavaThread "C1 CompilerThread2" daemon [_thread_blocked, id=6668, stack(0x00000000165e0000,0x00000000166e0000)]
=>0x0000000014d8d000 JavaThread "C2 CompilerThread1" daemon [_thread_in_native, id=15332, stack(0x00000000164e0000,0x00000000165e0000)]
  0x0000000014d85000 JavaThread "C2 CompilerThread0" daemon [_thread_in_native, id=14868, stack(0x00000000163e0000,0x00000000164e0000)]
  0x0000000014d84800 JavaThread "Attach Listener" daemon [_thread_blocked, id=13540, stack(0x00000000162e0000,0x00000000163e0000)]
  0x0000000014d8a800 JavaThread "Signal Dispatcher" daemon [_thread_blocked, id=11036, stack(0x00000000161e0000,0x00000000162e0000)]
  0x00000000026ac800 JavaThread "Finalizer" daemon [_thread_blocked, id=15056, stack(0x0000000015fe0000,0x00000000160e0000)]
  0x0000000014d69000 JavaThread "Reference Handler" daemon [_thread_blocked, id=8656, stack(0x0000000015ee0000,0x0000000015fe0000)]
  0x00000000025ae000 JavaThread "main" [_thread_in_Java, id=2276, stack(0x0000000002440000,0x0000000002540000)]

Other Threads:
  0x0000000014d45800 VMThread [stack: 0x0000000015de0000,0x0000000015ee0000] [id=14036]
  0x0000000016714800 WatcherThread [stack: 0x0000000016be0000,0x0000000016ce0000] [id=8440]

VM state:not at safepoint (normal execution)

VM Mutex/Monitor currently owned by a thread: None

heap address: 0x00000000c0000000, size: 1024 MB, Compressed Oops mode: 32-bit
Narrow klass base: 0x0000000000000000, Narrow klass shift: 3
Compressed class space size: 1073741824 Address: 0x0000000100000000

Heap:
 PSYoungGen      total 104448K, used 40314K [0x00000000eab00000, 0x00000000f4480000, 0x0000000100000000)
  eden space 83456K, 23% used [0x00000000eab00000,0x00000000ebde4230,0x00000000efc80000)
  from space 20992K, 99% used [0x00000000f1700000,0x00000000f2b7a860,0x00000000f2b80000)
  to   space 27136K, 0% used [0x00000000efc80000,0x00000000efc80000,0x00000000f1700000)
 ParOldGen       total 123904K, used 74935K [0x00000000c0000000, 0x00000000c7900000, 0x00000000eab00000)
  object space 123904K, 60% used [0x00000000c0000000,0x00000000c492df50,0x00000000c7900000)
 Metaspace       used 6600K, capacity 7346K, committed 7552K, reserved 1056768K
  class space    used 603K, capacity 618K, committed 640K, reserved 1048576K

Card table byte_map: [0x0000000011a70000,0x0000000011c80000] byte_map_base: 0x0000000011470000

Marking Bits: (ParMarkBitMap*) 0x0000000059958f30
 Begin Bits: [0x00000000121e0000, 0x00000000131e0000)
 End Bits:   [0x00000000131e0000, 0x00000000141e0000)

Polling page: 0x0000000000a40000

CodeCache: size=245760Kb used=8787Kb max_used=9649Kb free=236973Kb
 bounds [0x00000000026b0000, 0x0000000003030000, 0x00000000116b0000]
 total_blobs=2214 nmethods=1942 adapters=186
 compilation: enabled

Compilation events (10 events):
Event: 14.776 Thread 0x0000000014d9e800 2337       2       java.util.HashMap$ValueIterator::<init> (11 bytes)
Event: 14.777 Thread 0x0000000014d9e800 nmethod 2337 0x00000000029a3ad0 code [0x00000000029a3c40, 0x00000000029a3dc8]
Event: 14.779 Thread 0x0000000014d9e800 2338       2       java.util.HashMap$Values::iterator (12 bytes)
Event: 14.779 Thread 0x0000000014d9e800 nmethod 2338 0x0000000002a649d0 code [0x0000000002a64b40, 0x0000000002a64d28]
Event: 14.795 Thread 0x0000000014d9e800 2339       2       com.android.dx.cf.direct.AnnotationParser::parseValue (805 bytes)
Event: 14.809 Thread 0x0000000014d9e800 nmethod 2339 0x0000000002998510 code [0x0000000002998e40, 0x000000000299cad8]
Event: 14.809 Thread 0x0000000014d9e800 2340       2       java.util.concurrent.locks.AbstractQueuedSynchronizer$ConditionObject::addConditionWaiter (64 bytes)
Event: 14.810 Thread 0x0000000014d9e800 nmethod 2340 0x0000000002c28650 code [0x0000000002c287c0, 0x0000000002c28a68]
Event: 14.810 Thread 0x0000000014d9e800 2341   !   2       java.util.concurrent.locks.AbstractQueuedSynchronizer::fullyRelease (54 bytes)
Event: 14.811 Thread 0x0000000014d9e800 nmethod 2341 0x000000000297de90 code [0x000000000297e020, 0x000000000297e328]

GC Heap History (10 events):
Event: 11.085 GC heap before
{Heap before GC invocations=9 (full 0):
 PSYoungGen      total 61952K, used 61947K [0x00000000eab00000, 0x00000000eec00000, 0x0000000100000000)
  eden space 57344K, 100% used [0x00000000eab00000,0x00000000ee300000,0x00000000ee300000)
  from space 4608K, 99% used [0x00000000ee780000,0x00000000eebfee70,0x00000000eec00000)
  to   space 4608K, 0% used [0x00000000ee300000,0x00000000ee300000,0x00000000ee780000)
 ParOldGen       total 76800K, used 54975K [0x00000000c0000000, 0x00000000c4b00000, 0x00000000eab00000)
  object space 76800K, 71% used [0x00000000c0000000,0x00000000c35afe50,0x00000000c4b00000)
 Metaspace       used 6567K, capacity 7282K, committed 7552K, reserved 1056768K
  class space    used 603K, capacity 618K, committed 640K, reserved 1048576K
Event: 11.131 GC heap after
Heap after GC invocations=9 (full 0):
 PSYoungGen      total 61952K, used 4578K [0x00000000eab00000, 0x00000000f2a00000, 0x0000000100000000)
  eden space 57344K, 0% used [0x00000000eab00000,0x00000000eab00000,0x00000000ee300000)
  from space 4608K, 99% used [0x00000000ee300000,0x00000000ee778bc0,0x00000000ee780000)
  to   space 18944K, 0% used [0x00000000f1780000,0x00000000f1780000,0x00000000f2a00000)
 ParOldGen       total 76800K, used 64220K [0x00000000c0000000, 0x00000000c4b00000, 0x00000000eab00000)
  object space 76800K, 83% used [0x00000000c0000000,0x00000000c3eb71e8,0x00000000c4b00000)
 Metaspace       used 6567K, capacity 7282K, committed 7552K, reserved 1056768K
  class space    used 603K, capacity 618K, committed 640K, reserved 1048576K
}
Event: 11.131 GC heap before
{Heap before GC invocations=10 (full 1):
 PSYoungGen      total 61952K, used 4578K [0x00000000eab00000, 0x00000000f2a00000, 0x0000000100000000)
  eden space 57344K, 0% used [0x00000000eab00000,0x00000000eab00000,0x00000000ee300000)
  from space 4608K, 99% used [0x00000000ee300000,0x00000000ee778bc0,0x00000000ee780000)
  to   space 18944K, 0% used [0x00000000f1780000,0x00000000f1780000,0x00000000f2a00000)
 ParOldGen       total 76800K, used 64220K [0x00000000c0000000, 0x00000000c4b00000, 0x00000000eab00000)
  object space 76800K, 83% used [0x00000000c0000000,0x00000000c3eb71e8,0x00000000c4b00000)
 Metaspace       used 6567K, capacity 7282K, committed 7552K, reserved 1056768K
  class space    used 603K, capacity 618K, committed 640K, reserved 1048576K
Event: 11.826 GC heap after
Heap after GC invocations=10 (full 1):
 PSYoungGen      total 61952K, used 0K [0x00000000eab00000, 0x00000000f2a00000, 0x0000000100000000)
  eden space 57344K, 0% used [0x00000000eab00000,0x00000000eab00000,0x00000000ee300000)
  from space 4608K, 0% used [0x00000000ee300000,0x00000000ee300000,0x00000000ee780000)
  to   space 18944K, 0% used [0x00000000f1780000,0x00000000f1780000,0x00000000f2a00000)
 ParOldGen       total 123904K, used 64564K [0x00000000c0000000, 0x00000000c7900000, 0x00000000eab00000)
  object space 123904K, 52% used [0x00000000c0000000,0x00000000c3f0d300,0x00000000c7900000)
 Metaspace       used 6567K, capacity 7282K, committed 7552K, reserved 1056768K
  class space    used 603K, capacity 618K, committed 640K, reserved 1048576K
}
Event: 12.508 GC heap before
{Heap before GC invocations=11 (full 1):
 PSYoungGen      total 61952K, used 57344K [0x00000000eab00000, 0x00000000f2a00000, 0x0000000100000000)
  eden space 57344K, 100% used [0x00000000eab00000,0x00000000ee300000,0x00000000ee300000)
  from space 4608K, 0% used [0x00000000ee300000,0x00000000ee300000,0x00000000ee780000)
  to   space 18944K, 0% used [0x00000000f1780000,0x00000000f1780000,0x00000000f2a00000)
 ParOldGen       total 123904K, used 64564K [0x00000000c0000000, 0x00000000c7900000, 0x00000000eab00000)
  object space 123904K, 52% used [0x00000000c0000000,0x00000000c3f0d300,0x00000000c7900000)
 Metaspace       used 6574K, capacity 7282K, committed 7552K, reserved 1056768K
  class space    used 603K, capacity 618K, committed 640K, reserved 1048576K
Event: 12.543 GC heap after
Heap after GC invocations=11 (full 1):
 PSYoungGen      total 79360K, used 7676K [0x00000000eab00000, 0x00000000f1f00000, 0x0000000100000000)
  eden space 71680K, 0% used [0x00000000eab00000,0x00000000eab00000,0x00000000ef100000)
  from space 7680K, 99% used [0x00000000f1780000,0x00000000f1eff3e0,0x00000000f1f00000)
  to   space 18944K, 0% used [0x00000000efa00000,0x00000000efa00000,0x00000000f0c80000)
 ParOldGen       total 123904K, used 64572K [0x00000000c0000000, 0x00000000c7900000, 0x00000000eab00000)
  object space 123904K, 52% used [0x00000000c0000000,0x00000000c3f0f300,0x00000000c7900000)
 Metaspace       used 6574K, capacity 7282K, committed 7552K, reserved 1056768K
  class space    used 603K, capacity 618K, committed 640K, reserved 1048576K
}
Event: 13.530 GC heap before
{Heap before GC invocations=12 (full 1):
 PSYoungGen      total 79360K, used 79356K [0x00000000eab00000, 0x00000000f1f00000, 0x0000000100000000)
  eden space 71680K, 100% used [0x00000000eab00000,0x00000000ef100000,0x00000000ef100000)
  from space 7680K, 99% used [0x00000000f1780000,0x00000000f1eff3e0,0x00000000f1f00000)
  to   space 18944K, 0% used [0x00000000efa00000,0x00000000efa00000,0x00000000f0c80000)
 ParOldGen       total 123904K, used 64572K [0x00000000c0000000, 0x00000000c7900000, 0x00000000eab00000)
  object space 123904K, 52% used [0x00000000c0000000,0x00000000c3f0f300,0x00000000c7900000)
 Metaspace       used 6585K, capacity 7282K, committed 7552K, reserved 1056768K
  class space    used 603K, capacity 618K, committed 640K, reserved 1048576K
Event: 13.579 GC heap after
Heap after GC invocations=12 (full 1):
 PSYoungGen      total 99840K, used 18916K [0x00000000eab00000, 0x00000000f2b80000, 0x0000000100000000)
  eden space 80896K, 0% used [0x00000000eab00000,0x00000000eab00000,0x00000000efa00000)
  from space 18944K, 99% used [0x00000000efa00000,0x00000000f0c79030,0x00000000f0c80000)
  to   space 20992K, 0% used [0x00000000f1700000,0x00000000f1700000,0x00000000f2b80000)
 ParOldGen       total 123904K, used 65114K [0x00000000c0000000, 0x00000000c7900000, 0x00000000eab00000)
  object space 123904K, 52% used [0x00000000c0000000,0x00000000c3f968f8,0x00000000c7900000)
 Metaspace       used 6585K, capacity 7282K, committed 7552K, reserved 1056768K
  class space    used 603K, capacity 618K, committed 640K, reserved 1048576K
}
Event: 14.597 GC heap before
{Heap before GC invocations=13 (full 1):
 PSYoungGen      total 99840K, used 99812K [0x00000000eab00000, 0x00000000f2b80000, 0x0000000100000000)
  eden space 80896K, 100% used [0x00000000eab00000,0x00000000efa00000,0x00000000efa00000)
  from space 18944K, 99% used [0x00000000efa00000,0x00000000f0c79030,0x00000000f0c80000)
  to   space 20992K, 0% used [0x00000000f1700000,0x00000000f1700000,0x00000000f2b80000)
 ParOldGen       total 123904K, used 65114K [0x00000000c0000000, 0x00000000c7900000, 0x00000000eab00000)
  object space 123904K, 52% used [0x00000000c0000000,0x00000000c3f968f8,0x00000000c7900000)
 Metaspace       used 6588K, capacity 7282K, committed 7552K, reserved 1056768K
  class space    used 603K, capacity 618K, committed 640K, reserved 1048576K
Event: 14.666 GC heap after
Heap after GC invocations=13 (full 1):
 PSYoungGen      total 104448K, used 20970K [0x00000000eab00000, 0x00000000f4480000, 0x0000000100000000)
  eden space 83456K, 0% used [0x00000000eab00000,0x00000000eab00000,0x00000000efc80000)
  from space 20992K, 99% used [0x00000000f1700000,0x00000000f2b7a860,0x00000000f2b80000)
  to   space 27136K, 0% used [0x00000000efc80000,0x00000000efc80000,0x00000000f1700000)
 ParOldGen       total 123904K, used 74935K [0x00000000c0000000, 0x00000000c7900000, 0x00000000eab00000)
  object space 123904K, 60% used [0x00000000c0000000,0x00000000c492df50,0x00000000c7900000)
 Metaspace       used 6588K, capacity 7282K, committed 7552K, reserved 1056768K
  class space    used 603K, capacity 618K, committed 640K, reserved 1048576K
}

Deoptimization events (10 events):
Event: 9.722 Thread 0x00000000169c6800 Uncommon trap: reason=speculate_class_check action=maybe_recompile pc=0x0000000002fa1774 method=com.android.dx.ssa.SsaInsn.mapRegisters(Lcom/android/dx/ssa/RegisterMapper;)V @ 31
Event: 9.722 Thread 0x00000000169c6800 Uncommon trap: reason=speculate_class_check action=maybe_recompile pc=0x0000000002f0fea8 method=com.android.dx.ssa.SsaInsn.mapRegisters(Lcom/android/dx/ssa/RegisterMapper;)V @ 31
Event: 9.737 Thread 0x00000000169c6800 Uncommon trap: reason=speculate_class_check action=maybe_recompile pc=0x0000000002fa1774 method=com.android.dx.ssa.SsaInsn.mapRegisters(Lcom/android/dx/ssa/RegisterMapper;)V @ 31
Event: 9.749 Thread 0x00000000169c6800 Uncommon trap: reason=speculate_class_check action=maybe_recompile pc=0x0000000002f579d4 method=com.android.dx.ssa.SsaInsn.mapRegisters(Lcom/android/dx/ssa/RegisterMapper;)V @ 31
Event: 11.956 Thread 0x00000000025ae000 Uncommon trap: reason=unstable_if action=reinterpret pc=0x00000000030188d0 method=com.android.dx.rop.code.RegisterSpec.intersect(Lcom/android/dx/rop/code/RegisterSpec;Z)Lcom/android/dx/rop/code/RegisterSpec; @ 42
Event: 12.048 Thread 0x00000000169c6800 Uncommon trap: reason=unstable_if action=reinterpret pc=0x0000000002f07c3c method=com.android.dx.util.IntList.binarysearch(I)I @ 105
Event: 12.049 Thread 0x00000000169c6800 Uncommon trap: reason=unstable_if action=reinterpret pc=0x0000000002d7e8e8 method=com.android.dx.ssa.SsaBasicBlock.newFromRop(Lcom/android/dx/rop/code/RopMethod;ILcom/android/dx/ssa/SsaMethod;)Lcom/android/dx/ssa/SsaBasicBlock; @ 164
Event: 12.977 Thread 0x00000000169c6800 Uncommon trap: reason=unstable_if action=reinterpret pc=0x000000000294c9c8 method=com.android.dx.ssa.SCCP.simulateStmt(Lcom/android/dx/ssa/SsaInsn;)V @ 469
Event: 13.506 Thread 0x00000000169c6800 Uncommon trap: reason=unstable_if action=reinterpret pc=0x0000000002c90aa0 method=com.android.dx.rop.code.Insn.getLocalAssignment()Lcom/android/dx/rop/code/RegisterSpec; @ 9
Event: 14.184 Thread 0x00000000169c6800 Uncommon trap: reason=unstable_if action=reinterpret pc=0x0000000002e01bb8 method=com.android.dx.ssa.NormalSsaInsn.getLocalAssignment()Lcom/android/dx/rop/code/RegisterSpec; @ 12

Classes redefined (0 events):
No events

Internal exceptions (6 events):
Event: 0.083 Thread 0x00000000025ae000 Exception <a 'java/lang/NoSuchMethodError': Method sun.misc.Unsafe.defineClass(Ljava/lang/String;[BII)Ljava/lang/Class; name or signature does not match> (0x00000000eab07cb0) thrown at [D:\j\worksp~1\openjd~3\jdk8u\hotspot\src\share\vm\prims\jni.cpp, line
Event: 0.083 Thread 0x00000000025ae000 Exception <a 'java/lang/NoSuchMethodError': Method sun.misc.Unsafe.prefetchRead(Ljava/lang/Object;J)V name or signature does not match> (0x00000000eab07f98) thrown at [D:\j\worksp~1\openjd~3\jdk8u\hotspot\src\share\vm\prims\jni.cpp, line 4012]
Event: 6.500 Thread 0x00000000025ae000 Implicit null exception at 0x0000000002989d62 to 0x0000000002989e52
Event: 6.594 Thread 0x00000000025ae000 Exception <a 'java/lang/ArrayIndexOutOfBoundsException': 18> (0x00000000ec559dc0) thrown at [D:\j\worksp~1\openjd~3\jdk8u\hotspot\src\share\vm\interpreter\interpreterRuntime.cpp, line 368]
Event: 6.596 Thread 0x00000000025ae000 Exception <a 'java/lang/ArrayIndexOutOfBoundsException': 145> (0x00000000ec55b940) thrown at [D:\j\worksp~1\openjd~3\jdk8u\hotspot\src\share\vm\interpreter\interpreterRuntime.cpp, line 368]
Event: 6.598 Thread 0x00000000025ae000 Exception <a 'java/lang/ArrayIndexOutOfBoundsException'> (0x00000000ec55cc28) thrown at [D:\j\worksp~1\openjd~3\jdk8u\hotspot\src\share\vm\runtime\sharedRuntime.cpp, line 605]

Events (10 events):
Event: 13.506 Thread 0x00000000169c6800 DEOPT UNPACKING pc=0x00000000026f557b sp=0x0000000016ddeae0 mode 2
Event: 13.530 Executing VM operation: ParallelGCFailedAllocation
Event: 13.579 Executing VM operation: ParallelGCFailedAllocation done
Event: 14.184 Thread 0x00000000169c6800 Uncommon trap: trap_request=0xffffff65 fr.pc=0x0000000002e01bb8
Event: 14.184 Thread 0x00000000169c6800 DEOPT PACKING pc=0x0000000002e01bb8 sp=0x0000000016dde8a0
Event: 14.184 Thread 0x00000000169c6800 DEOPT UNPACKING pc=0x00000000026f557b sp=0x0000000016dde800 mode 2
Event: 14.387 Thread 0x00000000169c6800 DEOPT PACKING pc=0x0000000002e7b1c7 sp=0x0000000016dde7f0
Event: 14.387 Thread 0x00000000169c6800 DEOPT UNPACKING pc=0x00000000026f71d0 sp=0x0000000016dde558 mode 0
Event: 14.597 Executing VM operation: ParallelGCFailedAllocation
Event: 14.666 Executing VM operation: ParallelGCFailedAllocation done


Dynamic libraries:
0x00007ff601fb0000 - 0x00007ff601fe5000 	C:\Program Files\Android\jdk\microsoft_dist_openjdk_1.8.0.25\bin\java.exe
0x00007ffd5c9b0000 - 0x00007ffd5cb9d000 	C:\Windows\SYSTEM32\ntdll.dll
0x00007ffd5a5d0000 - 0x00007ffd5a683000 	C:\Windows\System32\KERNEL32.DLL
0x00007ffd59840000 - 0x00007ffd59ad3000 	C:\Windows\System32\KERNELBASE.dll
0x00007ffd5c1a0000 - 0x00007ffd5c243000 	C:\Windows\System32\ADVAPI32.dll
0x00007ffd5a690000 - 0x00007ffd5a72e000 	C:\Windows\System32\msvcrt.dll
0x00007ffd5a500000 - 0x00007ffd5a59e000 	C:\Windows\System32\sechost.dll
0x00007ffd5bc20000 - 0x00007ffd5bd42000 	C:\Windows\System32\RPCRT4.dll
0x00007ffd5c3d0000 - 0x00007ffd5c567000 	C:\Windows\System32\USER32.dll
0x00007ffd58db0000 - 0x00007ffd58dd0000 	C:\Windows\System32\win32u.dll
0x00007ffd5c5d0000 - 0x00007ffd5c5f9000 	C:\Windows\System32\GDI32.dll
0x00007ffd58df0000 - 0x00007ffd58f8a000 	C:\Windows\System32\gdi32full.dll
0x00007ffd59ae0000 - 0x00007ffd59b80000 	C:\Windows\System32\msvcp_win.dll
0x00007ffd58a80000 - 0x00007ffd58b7a000 	C:\Windows\System32\ucrtbase.dll
0x00007ffd42350000 - 0x00007ffd425c9000 	C:\Windows\WinSxS\amd64_microsoft.windows.common-controls_6595b64144ccf1df_6.0.17763.557_none_05b63f68071e5b9f\COMCTL32.dll
0x00007ffd59be0000 - 0x00007ffd59f0c000 	C:\Windows\System32\combase.dll
0x00007ffd59710000 - 0x00007ffd5978e000 	C:\Windows\System32\bcryptPrimitives.dll
0x00007ffd5a5a0000 - 0x00007ffd5a5ce000 	C:\Windows\System32\IMM32.DLL
0x000000005b0e0000 - 0x000000005b1b1000 	C:\Program Files\Android\jdk\microsoft_dist_openjdk_1.8.0.25\jre\bin\msvcr100.dll
0x0000000059190000 - 0x00000000599d5000 	C:\Program Files\Android\jdk\microsoft_dist_openjdk_1.8.0.25\jre\bin\server\jvm.dll
0x00007ffd5bfb0000 - 0x00007ffd5bfb8000 	C:\Windows\System32\PSAPI.DLL
0x00007ffd55330000 - 0x00007ffd55354000 	C:\Windows\SYSTEM32\WINMM.dll
0x00007ffd55370000 - 0x00007ffd55379000 	C:\Windows\SYSTEM32\WSOCK32.dll
0x00007ffd5c360000 - 0x00007ffd5c3cd000 	C:\Windows\System32\WS2_32.dll
0x00007ffd57560000 - 0x00007ffd5756a000 	C:\Windows\SYSTEM32\VERSION.dll
0x00007ffd55300000 - 0x00007ffd5532d000 	C:\Windows\SYSTEM32\winmmbase.dll
0x00007ffd58b80000 - 0x00007ffd58bca000 	C:\Windows\System32\cfgmgr32.dll
0x00007ffd54fd0000 - 0x00007ffd54fdf000 	C:\Program Files\Android\jdk\microsoft_dist_openjdk_1.8.0.25\jre\bin\verify.dll
0x00007ffd46a60000 - 0x00007ffd46a89000 	C:\Program Files\Android\jdk\microsoft_dist_openjdk_1.8.0.25\jre\bin\java.dll
0x00007ffd4e940000 - 0x00007ffd4e956000 	C:\Program Files\Android\jdk\microsoft_dist_openjdk_1.8.0.25\jre\bin\zip.dll
0x00007ffd5a730000 - 0x00007ffd5bc20000 	C:\Windows\System32\SHELL32.dll
0x00007ffd5bd50000 - 0x00007ffd5bdf8000 	C:\Windows\System32\shcore.dll
0x00007ffd58f90000 - 0x00007ffd596da000 	C:\Windows\System32\windows.storage.dll
0x00007ffd58a30000 - 0x00007ffd58a54000 	C:\Windows\System32\profapi.dll
0x00007ffd589b0000 - 0x00007ffd58a0d000 	C:\Windows\System32\powrprof.dll
0x00007ffd5bed0000 - 0x00007ffd5bf22000 	C:\Windows\System32\shlwapi.dll
0x00007ffd58a10000 - 0x00007ffd58a21000 	C:\Windows\System32\kernel.appcore.dll
0x00007ffd58dd0000 - 0x00007ffd58de7000 	C:\Windows\System32\cryptsp.dll

VM Arguments:
jvm_args: -Xmx1G 
java_command: C:\Program Files (x86)\Android\android-sdk\build-tools\27.0.3\\lib\dx.jar --dex --no-strict --output obj\Debug\81\android\bin C:\Users\hakye\source\repos\for_steel_challange\for_steel_challange\obj\Debug\81\android\bin\classes.zip C:\Program Files (x86)\Microsoft Visual Studio\2017\Community\Common7\IDE\ReferenceAssemblies\Microsoft\Framework\MonoAndroid\v8.1\mono.android.jar obj\Debug\81\lp\10\jl\bin\classes.jar obj\Debug\81\lp\11\jl\bin\classes.jar obj\Debug\81\lp\12\jl\bin\classes.jar obj\Debug\81\lp\13\jl\bin\classes.jar obj\Debug\81\lp\14\jl\bin\classes.jar obj\Debug\81\lp\15\jl\bin\classes.jar obj\Debug\81\lp\16\jl\bin\classes.jar obj\Debug\81\lp\2\jl\arch-core-common.jar obj\Debug\81\lp\3\jl\arch-lifecycle-common.jar obj\Debug\81\lp\4\jl\bin\classes.jar obj\Debug\81\lp\5\jl\bin\classes.jar obj\Debug\81\lp\7\jl\bin\classes.jar obj\Debug\81\lp\8\jl\bin\classes.jar obj\Debug\81\lp\9\jl\bin\classes.jar
java_class_path (initial): C:\Program Files (x86)\Android\android-sdk\build-tools\27.0.3\\lib\dx.jar
Launcher Type: SUN_STANDARD

Environment Variables:
PATH=C:\Program Files\Android\jdk\microsoft_dist_openjdk_1.8.0.25\bin;C:\Windows\system32;C:\Windows;C:\Windows\System32\Wbem;C:\Windows\System32\WindowsPowerShell\v1.0\;C:\Windows\System32\OpenSSH\;C:\Program Files\dotnet\;C:\Program Files\Microsoft SQL Server\130\Tools\Binn\;C:\Users\hakye\AppData\Local\Microsoft\WindowsApps;
USERNAME=hakye
OS=Windows_NT
PROCESSOR_IDENTIFIER=AMD64 Family 22 Model 48 Stepping 1, AuthenticAMD



---------------  S Y S T E M  ---------------

OS: Windows 10.0 , 64 bit Build 17763 (10.0.17763.475)

CPU:total 4 (initial active 4) (4 cores per cpu, 1 threads per core) family 22 model 48 stepping 1, cmov, cx8, fxsr, mmx, sse, sse2, sse3, ssse3, sse4.1, sse4.2, popcnt, avx, aes, clmul, mmxext, 3dnowpref, lzcnt, sse4a, tsc, tscinvbit, tscinv, bmi1

Memory: 4k page, physical 7299340k(1341680k free), swap 9396492k(5400k free)

vm_info: OpenJDK 64-Bit Server VM (25.71-b00) for windows-amd64 JRE (1.8.0-25-microsoft-b00), built on Feb  7 2019 20:09:14 by "builder" with MS VC++ 10.0 (VS2010)

time: Thu Jun 20 03:09:18 2019
timezone: RTZ 2 (зима)
elapsed time: 14 seconds (0d 0h 0m 14s)

