#
# There is insufficient memory for the Java Runtime Environment to continue.
# Native memory allocation (malloc) failed to allocate 241200 bytes for Chunk::new
# Possible reasons:
#   The system is out of physical RAM or swap space
#   The process is running with CompressedOops enabled, and the Java Heap may be blocking the growth of the native heap
# Possible solutions:
#   Reduce memory load on the system
#   Increase physical memory or swap space
#   Check if swap backing store is full
#   Decrease Java heap size (-Xmx/-Xms)
#   Decrease number of Java threads
#   Decrease Java thread stack sizes (-Xss)
#   Set larger code cache with -XX:ReservedCodeCacheSize=
#   JVM is running with Unscaled Compressed Oops mode in which the Java heap is
#     placed in the first 4GB address space. The Java Heap base address is the
#     maximum limit for the native heap growth. Please use -XX:HeapBaseMinAddress
#     to set the Java Heap base and to place the Java Heap above 4GB virtual address.
# This output file may be truncated or incomplete.
#
#  Out of Memory Error (allocation.cpp:389), pid=4740, tid=0x0000000000003918
#
# JRE version: OpenJDK Runtime Environment (8.0) (build 1.8.0-25-microsoft-b00)
# Java VM: OpenJDK 64-Bit Server VM (25.71-b00 mixed mode windows-amd64 compressed oops)
# Failed to write core dump. Minidumps are not enabled by default on client versions of Windows
#

---------------  T H R E A D  ---------------

Current thread (0x0000000015788000):  JavaThread "C2 CompilerThread0" daemon [_thread_in_native, id=14616, stack(0x0000000016dd0000,0x0000000016ed0000)]

Stack: [0x0000000016dd0000,0x0000000016ed0000]
[error occurred during error reporting (printing stack bounds), id 0xc0000005]

Native frames: (J=compiled Java code, j=interpreted, Vv=VM code, C=native code)


Current CompileTask:
C2:   5655 1966 %     4       com.android.dx.ssa.SsaMethod::forEachInsn @ 8 (36 bytes)


---------------  P R O C E S S  ---------------

Java Threads: ( => current thread )
  0x0000000017358800 JavaThread "pool-2-thread-1" [_thread_blocked, id=6076, stack(0x00000000177d0000,0x00000000178d0000)]
  0x0000000017355800 JavaThread "pool-1-thread-1" [_thread_in_Java, id=14460, stack(0x00000000176d0000,0x00000000177d0000)]
  0x00000000157de000 JavaThread "Service Thread" daemon [_thread_blocked, id=12904, stack(0x00000000174d0000,0x00000000175d0000)]
  0x0000000015795800 JavaThread "C1 CompilerThread2" daemon [_thread_blocked, id=5940, stack(0x0000000016fd0000,0x00000000170d0000)]
  0x000000001578d800 JavaThread "C2 CompilerThread1" daemon [_thread_in_native, id=10644, stack(0x0000000016ed0000,0x0000000016fd0000)]
=>0x0000000015788000 JavaThread "C2 CompilerThread0" daemon [_thread_in_native, id=14616, stack(0x0000000016dd0000,0x0000000016ed0000)]
  0x0000000015783800 JavaThread "Attach Listener" daemon [_thread_blocked, id=12696, stack(0x0000000016cd0000,0x0000000016dd0000)]
  0x0000000015787000 JavaThread "Signal Dispatcher" daemon [_thread_blocked, id=13784, stack(0x0000000016bd0000,0x0000000016cd0000)]
  0x00000000030ab000 JavaThread "Finalizer" daemon [_thread_blocked, id=516, stack(0x00000000169d0000,0x0000000016ad0000)]
  0x0000000015769000 JavaThread "Reference Handler" daemon [_thread_blocked, id=1576, stack(0x00000000168d0000,0x00000000169d0000)]
  0x0000000002e4e000 JavaThread "main" [_thread_in_Java, id=14800, stack(0x0000000002e50000,0x0000000002f50000)]

Other Threads:
  0x0000000015746000 VMThread [stack: 0x00000000167d0000,0x00000000168d0000] [id=3376]
  0x0000000017103800 WatcherThread [stack: 0x00000000175d0000,0x00000000176d0000] [id=13980]

VM state:not at safepoint (normal execution)

VM Mutex/Monitor currently owned by a thread: None

heap address: 0x00000000c0000000, size: 1024 MB, Compressed Oops mode: 32-bit
Narrow klass base: 0x0000000000000000, Narrow klass shift: 3
Compressed class space size: 1073741824 Address: 0x0000000100000000

Heap:
 PSYoungGen      total 132096K, used 15955K [0x00000000eab00000, 0x00000000f3f00000, 0x0000000100000000)
  eden space 114176K, 2% used [0x00000000eab00000,0x00000000ead55610,0x00000000f1a80000)
  from space 17920K, 75% used [0x00000000f2c80000,0x00000000f39bf870,0x00000000f3e00000)
  to   space 18432K, 0% used [0x00000000f1a80000,0x00000000f1a80000,0x00000000f2c80000)
 ParOldGen       total 76800K, used 29289K [0x00000000c0000000, 0x00000000c4b00000, 0x00000000eab00000)
  object space 76800K, 38% used [0x00000000c0000000,0x00000000c1c9a698,0x00000000c4b00000)
 Metaspace       used 6521K, capacity 7282K, committed 7552K, reserved 1056768K
  class space    used 603K, capacity 618K, committed 640K, reserved 1048576K

Card table byte_map: [0x0000000012470000,0x0000000012680000] byte_map_base: 0x0000000011e70000

Marking Bits: (ParMarkBitMap*) 0x0000000059958f30
 Begin Bits: [0x0000000012be0000, 0x0000000013be0000)
 End Bits:   [0x0000000013be0000, 0x0000000014be0000)

Polling page: 0x0000000002e00000

CodeCache: size=245760Kb used=8299Kb max_used=8299Kb free=237460Kb
 bounds [0x00000000030b0000, 0x00000000038e0000, 0x00000000120b0000]
 total_blobs=2162 nmethods=1890 adapters=186
 compilation: enabled

Compilation events (10 events):
Event: 5.570 Thread 0x0000000015795800 2019       3       com.android.dx.rop.code.RegisterSpecSet::localItemToSpec (49 bytes)
Event: 5.571 Thread 0x0000000015795800 nmethod 2019 0x00000000038ab950 code [0x00000000038abae0, 0x00000000038ac0a8]
Event: 5.588 Thread 0x0000000015795800 2021       1       com.android.dx.cf.attrib.InnerClassList$Item::getInnerName (5 bytes)
Event: 5.588 Thread 0x0000000015795800 nmethod 2021 0x00000000032922d0 code [0x0000000003292420, 0x0000000003292530]
Event: 5.588 Thread 0x0000000015795800 2022       1       com.android.dx.cf.attrib.InnerClassList$Item::getAccessFlags (5 bytes)
Event: 5.588 Thread 0x0000000015795800 nmethod 2022 0x000000000328cad0 code [0x000000000328cc20, 0x000000000328cd30]
Event: 5.646 Thread 0x0000000015795800 2023       2       java.util.zip.ZipFile$ZipFileInputStream::finalize (5 bytes)
Event: 5.646 Thread 0x0000000015795800 nmethod 2023 0x0000000003294550 code [0x00000000032946c0, 0x0000000003294828]
Event: 5.646 Thread 0x0000000015795800 2024       2       java.util.zip.ZipFile$ZipFileInflaterInputStream::finalize (5 bytes)
Event: 5.646 Thread 0x0000000015795800 nmethod 2024 0x000000000329a710 code [0x000000000329a880, 0x000000000329a9e8]

GC Heap History (10 events):
Event: 2.445 GC heap before
{Heap before GC invocations=2 (full 0):
 PSYoungGen      total 33280K, used 33274K [0x00000000eab00000, 0x00000000ed000000, 0x0000000100000000)
  eden space 28672K, 100% used [0x00000000eab00000,0x00000000ec700000,0x00000000ec700000)
  from space 4608K, 99% used [0x00000000ec700000,0x00000000ecb7ebf0,0x00000000ecb80000)
  to   space 4608K, 0% used [0x00000000ecb80000,0x00000000ecb80000,0x00000000ed000000)
 ParOldGen       total 76800K, used 1338K [0x00000000c0000000, 0x00000000c4b00000, 0x00000000eab00000)
  object space 76800K, 1% used [0x00000000c0000000,0x00000000c014ea30,0x00000000c4b00000)
 Metaspace       used 6116K, capacity 7088K, committed 7296K, reserved 1056768K
  class space    used 568K, capacity 616K, committed 640K, reserved 1048576K
Event: 2.468 GC heap after
Heap after GC invocations=2 (full 0):
 PSYoungGen      total 33280K, used 4591K [0x00000000eab00000, 0x00000000eec00000, 0x0000000100000000)
  eden space 28672K, 0% used [0x00000000eab00000,0x00000000eab00000,0x00000000ec700000)
  from space 4608K, 99% used [0x00000000ecb80000,0x00000000ecffbc78,0x00000000ed000000)
  to   space 4608K, 0% used [0x00000000ec700000,0x00000000ec700000,0x00000000ecb80000)
 ParOldGen       total 76800K, used 5442K [0x00000000c0000000, 0x00000000c4b00000, 0x00000000eab00000)
  object space 76800K, 7% used [0x00000000c0000000,0x00000000c0550a30,0x00000000c4b00000)
 Metaspace       used 6116K, capacity 7088K, committed 7296K, reserved 1056768K
  class space    used 568K, capacity 616K, committed 640K, reserved 1048576K
}
Event: 3.085 GC heap before
{Heap before GC invocations=3 (full 0):
 PSYoungGen      total 33280K, used 33263K [0x00000000eab00000, 0x00000000eec00000, 0x0000000100000000)
  eden space 28672K, 100% used [0x00000000eab00000,0x00000000ec700000,0x00000000ec700000)
  from space 4608K, 99% used [0x00000000ecb80000,0x00000000ecffbc78,0x00000000ed000000)
  to   space 4608K, 0% used [0x00000000ec700000,0x00000000ec700000,0x00000000ecb80000)
 ParOldGen       total 76800K, used 5442K [0x00000000c0000000, 0x00000000c4b00000, 0x00000000eab00000)
  object space 76800K, 7% used [0x00000000c0000000,0x00000000c0550a30,0x00000000c4b00000)
 Metaspace       used 6159K, capacity 7088K, committed 7296K, reserved 1056768K
  class space    used 568K, capacity 616K, committed 640K, reserved 1048576K
Event: 3.110 GC heap after
Heap after GC invocations=3 (full 0):
 PSYoungGen      total 33280K, used 4580K [0x00000000eab00000, 0x00000000eec00000, 0x0000000100000000)
  eden space 28672K, 0% used [0x00000000eab00000,0x00000000eab00000,0x00000000ec700000)
  from space 4608K, 99% used [0x00000000ec700000,0x00000000ecb791e8,0x00000000ecb80000)
  to   space 4608K, 0% used [0x00000000ee780000,0x00000000ee780000,0x00000000eec00000)
 ParOldGen       total 76800K, used 10241K [0x00000000c0000000, 0x00000000c4b00000, 0x00000000eab00000)
  object space 76800K, 13% used [0x00000000c0000000,0x00000000c0a004d0,0x00000000c4b00000)
 Metaspace       used 6159K, capacity 7088K, committed 7296K, reserved 1056768K
  class space    used 568K, capacity 616K, committed 640K, reserved 1048576K
}
Event: 3.519 GC heap before
{Heap before GC invocations=4 (full 0):
 PSYoungGen      total 33280K, used 33252K [0x00000000eab00000, 0x00000000eec00000, 0x0000000100000000)
  eden space 28672K, 100% used [0x00000000eab00000,0x00000000ec700000,0x00000000ec700000)
  from space 4608K, 99% used [0x00000000ec700000,0x00000000ecb791e8,0x00000000ecb80000)
  to   space 4608K, 0% used [0x00000000ee780000,0x00000000ee780000,0x00000000eec00000)
 ParOldGen       total 76800K, used 10241K [0x00000000c0000000, 0x00000000c4b00000, 0x00000000eab00000)
  object space 76800K, 13% used [0x00000000c0000000,0x00000000c0a004d0,0x00000000c4b00000)
 Metaspace       used 6198K, capacity 7088K, committed 7296K, reserved 1056768K
  class space    used 569K, capacity 616K, committed 640K, reserved 1048576K
Event: 3.542 GC heap after
Heap after GC invocations=4 (full 0):
 PSYoungGen      total 61952K, used 4599K [0x00000000eab00000, 0x00000000eec00000, 0x0000000100000000)
  eden space 57344K, 0% used [0x00000000eab00000,0x00000000eab00000,0x00000000ee300000)
  from space 4608K, 99% used [0x00000000ee780000,0x00000000eebfdc50,0x00000000eec00000)
  to   space 4608K, 0% used [0x00000000ee300000,0x00000000ee300000,0x00000000ee780000)
 ParOldGen       total 76800K, used 16675K [0x00000000c0000000, 0x00000000c4b00000, 0x00000000eab00000)
  object space 76800K, 21% used [0x00000000c0000000,0x00000000c1048d38,0x00000000c4b00000)
 Metaspace       used 6198K, capacity 7088K, committed 7296K, reserved 1056768K
  class space    used 569K, capacity 616K, committed 640K, reserved 1048576K
}
Event: 4.195 GC heap before
{Heap before GC invocations=5 (full 0):
 PSYoungGen      total 61952K, used 61943K [0x00000000eab00000, 0x00000000eec00000, 0x0000000100000000)
  eden space 57344K, 100% used [0x00000000eab00000,0x00000000ee300000,0x00000000ee300000)
  from space 4608K, 99% used [0x00000000ee780000,0x00000000eebfdc50,0x00000000eec00000)
  to   space 4608K, 0% used [0x00000000ee300000,0x00000000ee300000,0x00000000ee780000)
 ParOldGen       total 76800K, used 16675K [0x00000000c0000000, 0x00000000c4b00000, 0x00000000eab00000)
  object space 76800K, 21% used [0x00000000c0000000,0x00000000c1048d38,0x00000000c4b00000)
 Metaspace       used 6245K, capacity 7152K, committed 7296K, reserved 1056768K
  class space    used 569K, capacity 616K, committed 640K, reserved 1048576K
Event: 4.240 GC heap after
Heap after GC invocations=5 (full 0):
 PSYoungGen      total 61952K, used 4580K [0x00000000eab00000, 0x00000000f3e00000, 0x0000000100000000)
  eden space 57344K, 0% used [0x00000000eab00000,0x00000000eab00000,0x00000000ee300000)
  from space 4608K, 99% used [0x00000000ee300000,0x00000000ee779368,0x00000000ee780000)
  to   space 17920K, 0% used [0x00000000f2c80000,0x00000000f2c80000,0x00000000f3e00000)
 ParOldGen       total 76800K, used 29289K [0x00000000c0000000, 0x00000000c4b00000, 0x00000000eab00000)
  object space 76800K, 38% used [0x00000000c0000000,0x00000000c1c9a698,0x00000000c4b00000)
 Metaspace       used 6245K, capacity 7152K, committed 7296K, reserved 1056768K
  class space    used 569K, capacity 616K, committed 640K, reserved 1048576K
}
Event: 5.589 GC heap before
{Heap before GC invocations=6 (full 0):
 PSYoungGen      total 61952K, used 61924K [0x00000000eab00000, 0x00000000f3e00000, 0x0000000100000000)
  eden space 57344K, 100% used [0x00000000eab00000,0x00000000ee300000,0x00000000ee300000)
  from space 4608K, 99% used [0x00000000ee300000,0x00000000ee779368,0x00000000ee780000)
  to   space 17920K, 0% used [0x00000000f2c80000,0x00000000f2c80000,0x00000000f3e00000)
 ParOldGen       total 76800K, used 29289K [0x00000000c0000000, 0x00000000c4b00000, 0x00000000eab00000)
  object space 76800K, 38% used [0x00000000c0000000,0x00000000c1c9a698,0x00000000c4b00000)
 Metaspace       used 6520K, capacity 7282K, committed 7552K, reserved 1056768K
  class space    used 603K, capacity 618K, committed 640K, reserved 1048576K
Event: 5.645 GC heap after
Heap after GC invocations=6 (full 0):
 PSYoungGen      total 132096K, used 13566K [0x00000000eab00000, 0x00000000f3f00000, 0x0000000100000000)
  eden space 114176K, 0% used [0x00000000eab00000,0x00000000eab00000,0x00000000f1a80000)
  from space 17920K, 75% used [0x00000000f2c80000,0x00000000f39bf870,0x00000000f3e00000)
  to   space 18432K, 0% used [0x00000000f1a80000,0x00000000f1a80000,0x00000000f2c80000)
 ParOldGen       total 76800K, used 29289K [0x00000000c0000000, 0x00000000c4b00000, 0x00000000eab00000)
  object space 76800K, 38% used [0x00000000c0000000,0x00000000c1c9a698,0x00000000c4b00000)
 Metaspace       used 6520K, capacity 7282K, committed 7552K, reserved 1056768K
  class space    used 603K, capacity 618K, committed 640K, reserved 1048576K
}

Deoptimization events (10 events):
Event: 4.816 Thread 0x0000000017355800 Uncommon trap: reason=class_check action=maybe_recompile pc=0x00000000034b083c method=com.android.dx.ssa.NormalSsaInsn.accept(Lcom/android/dx/ssa/SsaInsn$Visitor;)V @ 9
Event: 4.816 Thread 0x0000000017355800 Uncommon trap: reason=class_check action=maybe_recompile pc=0x00000000034b083c method=com.android.dx.ssa.NormalSsaInsn.accept(Lcom/android/dx/ssa/SsaInsn$Visitor;)V @ 9
Event: 4.816 Thread 0x0000000017355800 Uncommon trap: reason=class_check action=maybe_recompile pc=0x00000000034b083c method=com.android.dx.ssa.NormalSsaInsn.accept(Lcom/android/dx/ssa/SsaInsn$Visitor;)V @ 9
Event: 4.816 Thread 0x0000000017355800 Uncommon trap: reason=class_check action=maybe_recompile pc=0x00000000033125d4 method=com.android.dx.ssa.NormalSsaInsn.accept(Lcom/android/dx/ssa/SsaInsn$Visitor;)V @ 9
Event: 4.817 Thread 0x0000000017355800 Uncommon trap: reason=class_check action=maybe_recompile pc=0x00000000032f8830 method=com.android.dx.ssa.NormalSsaInsn.accept(Lcom/android/dx/ssa/SsaInsn$Visitor;)V @ 9
Event: 4.909 Thread 0x0000000017355800 Uncommon trap: reason=null_check action=make_not_entrant pc=0x00000000033a09e0 method=com.android.dx.rop.type.Type.equals(Ljava/lang/Object;)Z @ 8
Event: 4.959 Thread 0x0000000017355800 Uncommon trap: reason=unstable_if action=reinterpret pc=0x000000000377fda4 method=java.util.HashMap.putVal(ILjava/lang/Object;Ljava/lang/Object;ZZ)Ljava/lang/Object; @ 162
Event: 5.097 Thread 0x0000000017355800 Uncommon trap: reason=unstable_if action=reinterpret pc=0x00000000038b0ebc method=com.android.dx.ssa.SCCP.simulateBranch(Lcom/android/dx/ssa/SsaInsn;)V @ 118
Event: 5.250 Thread 0x0000000002e4e000 Uncommon trap: reason=unstable_if action=reinterpret pc=0x00000000037eb0e4 method=com.android.dx.ssa.InterferenceRegisterMapper.interferes(III)Z @ 35
Event: 5.257 Thread 0x0000000017355800 Uncommon trap: reason=unstable_if action=reinterpret pc=0x000000000345911c method=com.android.dx.ssa.SsaMethod.updateOneDefinition(Lcom/android/dx/ssa/SsaInsn;Lcom/android/dx/rop/code/RegisterSpec;)V @ 4

Classes redefined (0 events):
No events

Internal exceptions (6 events):
Event: 0.077 Thread 0x0000000002e4e000 Exception <a 'java/lang/NoSuchMethodError': Method sun.misc.Unsafe.defineClass(Ljava/lang/String;[BII)Ljava/lang/Class; name or signature does not match> (0x00000000eab07cb0) thrown at [D:\j\worksp~1\openjd~3\jdk8u\hotspot\src\share\vm\prims\jni.cpp, line
Event: 0.077 Thread 0x0000000002e4e000 Exception <a 'java/lang/NoSuchMethodError': Method sun.misc.Unsafe.prefetchRead(Ljava/lang/Object;J)V name or signature does not match> (0x00000000eab07f98) thrown at [D:\j\worksp~1\openjd~3\jdk8u\hotspot\src\share\vm\prims\jni.cpp, line 4012]
Event: 4.909 Thread 0x0000000017355800 Implicit null exception at 0x00000000033a08e2 to 0x00000000033a09d2
Event: 4.963 Thread 0x0000000017355800 Exception <a 'java/lang/ArrayIndexOutOfBoundsException': 18> (0x00000000ec82a6a0) thrown at [D:\j\worksp~1\openjd~3\jdk8u\hotspot\src\share\vm\interpreter\interpreterRuntime.cpp, line 368]
Event: 4.964 Thread 0x0000000017355800 Exception <a 'java/lang/ArrayIndexOutOfBoundsException'> (0x00000000ec82c220) thrown at [D:\j\worksp~1\openjd~3\jdk8u\hotspot\src\share\vm\runtime\sharedRuntime.cpp, line 605]
Event: 4.966 Thread 0x0000000017355800 Exception <a 'java/lang/ArrayIndexOutOfBoundsException'> (0x00000000ec82d508) thrown at [D:\j\worksp~1\openjd~3\jdk8u\hotspot\src\share\vm\runtime\sharedRuntime.cpp, line 605]

Events (10 events):
Event: 5.256 loading class com/android/dx/rop/code/RegOps done
Event: 5.257 Thread 0x0000000017355800 Uncommon trap: trap_request=0xffffff65 fr.pc=0x000000000345911c
Event: 5.257 Thread 0x0000000017355800 DEOPT PACKING pc=0x000000000345911c sp=0x00000000177ce7a0
Event: 5.257 Thread 0x0000000017355800 DEOPT UNPACKING pc=0x00000000030f557b sp=0x00000000177ce748 mode 2
Event: 5.265 loading class com/android/dx/cf/attrib/AttDeprecated
Event: 5.265 loading class com/android/dx/cf/attrib/AttDeprecated done
Event: 5.266 loading class com/android/dx/cf/attrib/AttRuntimeVisibleAnnotations
Event: 5.266 loading class com/android/dx/cf/attrib/AttRuntimeVisibleAnnotations done
Event: 5.589 Executing VM operation: ParallelGCFailedAllocation
Event: 5.646 Executing VM operation: ParallelGCFailedAllocation done


Dynamic libraries:
0x00007ff601fb0000 - 0x00007ff601fe5000 	C:\Program Files\Android\jdk\microsoft_dist_openjdk_1.8.0.25\bin\java.exe
0x00007ffd5c9b0000 - 0x00007ffd5cb9d000 	C:\Windows\SYSTEM32\ntdll.dll
0x00007ffd5a5d0000 - 0x00007ffd5a683000 	C:\Windows\System32\KERNEL32.DLL
0x00007ffd59840000 - 0x00007ffd59ad3000 	C:\Windows\System32\KERNELBASE.dll
0x00007ffd5c1a0000 - 0x00007ffd5c243000 	C:\Windows\System32\ADVAPI32.dll
0x00007ffd5a690000 - 0x00007ffd5a72e000 	C:\Windows\System32\msvcrt.dll
0x00007ffd5a500000 - 0x00007ffd5a59e000 	C:\Windows\System32\sechost.dll
0x00007ffd5bc20000 - 0x00007ffd5bd42000 	C:\Windows\System32\RPCRT4.dll
0x00007ffd5c3d0000 - 0x00007ffd5c567000 	C:\Windows\System32\USER32.dll
0x00007ffd58db0000 - 0x00007ffd58dd0000 	C:\Windows\System32\win32u.dll
0x00007ffd5c5d0000 - 0x00007ffd5c5f9000 	C:\Windows\System32\GDI32.dll
0x00007ffd58df0000 - 0x00007ffd58f8a000 	C:\Windows\System32\gdi32full.dll
0x00007ffd59ae0000 - 0x00007ffd59b80000 	C:\Windows\System32\msvcp_win.dll
0x00007ffd58a80000 - 0x00007ffd58b7a000 	C:\Windows\System32\ucrtbase.dll
0x00007ffd42350000 - 0x00007ffd425c9000 	C:\Windows\WinSxS\amd64_microsoft.windows.common-controls_6595b64144ccf1df_6.0.17763.557_none_05b63f68071e5b9f\COMCTL32.dll
0x00007ffd59be0000 - 0x00007ffd59f0c000 	C:\Windows\System32\combase.dll
0x00007ffd59710000 - 0x00007ffd5978e000 	C:\Windows\System32\bcryptPrimitives.dll
0x00007ffd5a5a0000 - 0x00007ffd5a5ce000 	C:\Windows\System32\IMM32.DLL
0x000000005b0e0000 - 0x000000005b1b1000 	C:\Program Files\Android\jdk\microsoft_dist_openjdk_1.8.0.25\jre\bin\msvcr100.dll
0x0000000059190000 - 0x00000000599d5000 	C:\Program Files\Android\jdk\microsoft_dist_openjdk_1.8.0.25\jre\bin\server\jvm.dll
0x00007ffd5bfb0000 - 0x00007ffd5bfb8000 	C:\Windows\System32\PSAPI.DLL
0x00007ffd57560000 - 0x00007ffd5756a000 	C:\Windows\SYSTEM32\VERSION.dll
0x00007ffd55330000 - 0x00007ffd55354000 	C:\Windows\SYSTEM32\WINMM.dll
0x00007ffd57650000 - 0x00007ffd57659000 	C:\Windows\SYSTEM32\WSOCK32.dll
0x00007ffd55300000 - 0x00007ffd5532d000 	C:\Windows\SYSTEM32\winmmbase.dll
0x00007ffd5c360000 - 0x00007ffd5c3cd000 	C:\Windows\System32\WS2_32.dll
0x00007ffd58b80000 - 0x00007ffd58bca000 	C:\Windows\System32\cfgmgr32.dll
0x00007ffd57570000 - 0x00007ffd5757f000 	C:\Program Files\Android\jdk\microsoft_dist_openjdk_1.8.0.25\jre\bin\verify.dll
0x00007ffd550e0000 - 0x00007ffd55109000 	C:\Program Files\Android\jdk\microsoft_dist_openjdk_1.8.0.25\jre\bin\java.dll
0x00007ffd57410000 - 0x00007ffd57426000 	C:\Program Files\Android\jdk\microsoft_dist_openjdk_1.8.0.25\jre\bin\zip.dll
0x00007ffd5a730000 - 0x00007ffd5bc20000 	C:\Windows\System32\SHELL32.dll
0x00007ffd5bd50000 - 0x00007ffd5bdf8000 	C:\Windows\System32\shcore.dll
0x00007ffd58f90000 - 0x00007ffd596da000 	C:\Windows\System32\windows.storage.dll
0x00007ffd58a30000 - 0x00007ffd58a54000 	C:\Windows\System32\profapi.dll
0x00007ffd589b0000 - 0x00007ffd58a0d000 	C:\Windows\System32\powrprof.dll
0x00007ffd5bed0000 - 0x00007ffd5bf22000 	C:\Windows\System32\shlwapi.dll
0x00007ffd58a10000 - 0x00007ffd58a21000 	C:\Windows\System32\kernel.appcore.dll
0x00007ffd58dd0000 - 0x00007ffd58de7000 	C:\Windows\System32\cryptsp.dll

VM Arguments:
jvm_args: -Xmx1G 
java_command: C:\Program Files (x86)\Android\android-sdk\build-tools\27.0.3\\lib\dx.jar --dex --no-strict --output obj\Debug\81\android\bin C:\Users\hakye\source\repos\for_steel_challange\for_steel_challange\obj\Debug\81\android\bin\classes.zip C:\Program Files (x86)\Microsoft Visual Studio\2017\Community\Common7\IDE\ReferenceAssemblies\Microsoft\Framework\MonoAndroid\v8.1\mono.android.jar obj\Debug\81\lp\10\jl\bin\classes.jar obj\Debug\81\lp\11\jl\bin\classes.jar obj\Debug\81\lp\12\jl\bin\classes.jar obj\Debug\81\lp\13\jl\bin\classes.jar obj\Debug\81\lp\14\jl\bin\classes.jar obj\Debug\81\lp\15\jl\bin\classes.jar obj\Debug\81\lp\16\jl\bin\classes.jar obj\Debug\81\lp\2\jl\arch-core-common.jar obj\Debug\81\lp\3\jl\arch-lifecycle-common.jar obj\Debug\81\lp\4\jl\bin\classes.jar obj\Debug\81\lp\5\jl\bin\classes.jar obj\Debug\81\lp\7\jl\bin\classes.jar obj\Debug\81\lp\8\jl\bin\classes.jar obj\Debug\81\lp\9\jl\bin\classes.jar
java_class_path (initial): C:\Program Files (x86)\Android\android-sdk\build-tools\27.0.3\\lib\dx.jar
Launcher Type: SUN_STANDARD

Environment Variables:
PATH=C:\Program Files\Android\jdk\microsoft_dist_openjdk_1.8.0.25\bin;C:\Windows\system32;C:\Windows;C:\Windows\System32\Wbem;C:\Windows\System32\WindowsPowerShell\v1.0\;C:\Windows\System32\OpenSSH\;C:\Program Files\dotnet\;C:\Program Files\Microsoft SQL Server\130\Tools\Binn\;C:\Users\hakye\AppData\Local\Microsoft\WindowsApps;
USERNAME=hakye
OS=Windows_NT
PROCESSOR_IDENTIFIER=AMD64 Family 22 Model 48 Stepping 1, AuthenticAMD



---------------  S Y S T E M  ---------------

OS: Windows 10.0 , 64 bit Build 17763 (10.0.17763.475)

CPU:total 4 (initial active 4) (4 cores per cpu, 1 threads per core) family 22 model 48 stepping 1, cmov, cx8, fxsr, mmx, sse, sse2, sse3, ssse3, sse4.1, sse4.2, popcnt, avx, aes, clmul, mmxext, 3dnowpref, lzcnt, sse4a, tsc, tscinvbit, tscinv, bmi1

Memory: 4k page, physical 7299340k(1334752k free), swap 9396492k(5492k free)

vm_info: OpenJDK 64-Bit Server VM (25.71-b00) for windows-amd64 JRE (1.8.0-25-microsoft-b00), built on Feb  7 2019 20:09:14 by "builder" with MS VC++ 10.0 (VS2010)

time: Thu Jun 20 02:29:10 2019
timezone: RTZ 2 (зима)
elapsed time: 5 seconds (0d 0h 0m 5s)

