#
# There is insufficient memory for the Java Runtime Environment to continue.
# Native memory allocation (malloc) failed to allocate 947936 bytes for Chunk::new
# Possible reasons:
#   The system is out of physical RAM or swap space
#   The process is running with CompressedOops enabled, and the Java Heap may be blocking the growth of the native heap
# Possible solutions:
#   Reduce memory load on the system
#   Increase physical memory or swap space
#   Check if swap backing store is full
#   Decrease Java heap size (-Xmx/-Xms)
#   Decrease number of Java threads
#   Decrease Java thread stack sizes (-Xss)
#   Set larger code cache with -XX:ReservedCodeCacheSize=
#   JVM is running with Unscaled Compressed Oops mode in which the Java heap is
#     placed in the first 4GB address space. The Java Heap base address is the
#     maximum limit for the native heap growth. Please use -XX:HeapBaseMinAddress
#     to set the Java Heap base and to place the Java Heap above 4GB virtual address.
# This output file may be truncated or incomplete.
#
#  Out of Memory Error (allocation.cpp:389), pid=14904, tid=0x0000000000003ac4
#
# JRE version: OpenJDK Runtime Environment (8.0) (build 1.8.0-25-microsoft-b00)
# Java VM: OpenJDK 64-Bit Server VM (25.71-b00 mixed mode windows-amd64 compressed oops)
# Failed to write core dump. Minidumps are not enabled by default on client versions of Windows
#

---------------  T H R E A D  ---------------

Current thread (0x00000000154ac000):  JavaThread "C2 CompilerThread1" daemon [_thread_in_native, id=15044, stack(0x0000000016bf0000,0x0000000016cf0000)]

Stack: [0x0000000016bf0000,0x0000000016cf0000]
[error occurred during error reporting (printing stack bounds), id 0xc0000005]

Native frames: (J=compiled Java code, j=interpreted, Vv=VM code, C=native code)


Current CompileTask:
C2:   8036 2088       4       com.android.dx.ssa.SsaBasicBlock::forEachInsn (37 bytes)


---------------  P R O C E S S  ---------------

Java Threads: ( => current thread )
  0x00000000170ad000 JavaThread "pool-2-thread-1" [_thread_blocked, id=15064, stack(0x00000000174f0000,0x00000000175f0000)]
  0x00000000170aa000 JavaThread "pool-1-thread-1" [_thread_in_Java, id=15060, stack(0x00000000173f0000,0x00000000174f0000)]
  0x00000000154fe800 JavaThread "Service Thread" daemon [_thread_blocked, id=15052, stack(0x00000000171f0000,0x00000000172f0000)]
  0x00000000154bc800 JavaThread "C1 CompilerThread2" daemon [_thread_blocked, id=15048, stack(0x0000000016cf0000,0x0000000016df0000)]
=>0x00000000154ac000 JavaThread "C2 CompilerThread1" daemon [_thread_in_native, id=15044, stack(0x0000000016bf0000,0x0000000016cf0000)]
  0x00000000154a8000 JavaThread "C2 CompilerThread0" daemon [_thread_in_native, id=15040, stack(0x0000000016af0000,0x0000000016bf0000)]
  0x00000000154a3800 JavaThread "Attach Listener" daemon [_thread_blocked, id=15036, stack(0x00000000169f0000,0x0000000016af0000)]
  0x00000000154a7000 JavaThread "Signal Dispatcher" daemon [_thread_blocked, id=15032, stack(0x00000000168f0000,0x00000000169f0000)]
  0x0000000002dcb000 JavaThread "Finalizer" daemon [_thread_blocked, id=15028, stack(0x00000000166f0000,0x00000000167f0000)]
  0x0000000015489000 JavaThread "Reference Handler" daemon [_thread_blocked, id=15024, stack(0x00000000165f0000,0x00000000166f0000)]
  0x0000000002bce000 JavaThread "main" [_thread_in_Java, id=14996, stack(0x0000000002bd0000,0x0000000002cd0000)]

Other Threads:
  0x0000000015466000 VMThread [stack: 0x00000000164f0000,0x00000000165f0000] [id=15020]
  0x0000000016e30800 WatcherThread [stack: 0x00000000172f0000,0x00000000173f0000] [id=15056]

VM state:not at safepoint (normal execution)

VM Mutex/Monitor currently owned by a thread: None

heap address: 0x00000000c0000000, size: 1024 MB, Compressed Oops mode: 32-bit
Narrow klass base: 0x0000000000000000, Narrow klass shift: 3
Compressed class space size: 1073741824 Address: 0x0000000100000000

Heap:
 PSYoungGen      total 251904K, used 78990K [0x00000000eab00000, 0x00000000fc300000, 0x0000000100000000)
  eden space 226304K, 24% used [0x00000000eab00000,0x00000000ee234638,0x00000000f8800000)
  from space 25600K, 87% used [0x00000000fa400000,0x00000000fb9ef480,0x00000000fbd00000)
  to   space 28672K, 0% used [0x00000000f8800000,0x00000000f8800000,0x00000000fa400000)
 ParOldGen       total 76800K, used 45308K [0x00000000c0000000, 0x00000000c4b00000, 0x00000000eab00000)
  object space 76800K, 58% used [0x00000000c0000000,0x00000000c2c3f1c0,0x00000000c4b00000)
 Metaspace       used 6579K, capacity 7282K, committed 7552K, reserved 1056768K
  class space    used 603K, capacity 618K, committed 640K, reserved 1048576K

Card table byte_map: [0x0000000012190000,0x00000000123a0000] byte_map_base: 0x0000000011b90000

Marking Bits: (ParMarkBitMap*) 0x000000005c2f8f30
 Begin Bits: [0x0000000012900000, 0x0000000013900000)
 End Bits:   [0x0000000013900000, 0x0000000014900000)

Polling page: 0x0000000000c60000

CodeCache: size=245760Kb used=9266Kb max_used=9266Kb free=236493Kb
 bounds [0x0000000002dd0000, 0x0000000003700000, 0x0000000011dd0000]
 total_blobs=2266 nmethods=1994 adapters=186
 compilation: enabled

Compilation events (10 events):
Event: 7.880 Thread 0x00000000154bc800 2150       2       com.android.dx.ssa.back.FirstFitLocalCombiningAllocator::ssaSetToSpecs (57 bytes)
Event: 7.882 Thread 0x00000000154bc800 nmethod 2150 0x0000000002f0e950 code [0x0000000002f0eb60, 0x0000000002f0f378]
Event: 7.915 Thread 0x00000000154bc800 2152       2       java.nio.file.attribute.FileTime::toMillis (98 bytes)
Event: 7.916 Thread 0x00000000154bc800 nmethod 2152 0x0000000002f78650 code [0x0000000002f787e0, 0x0000000002f78b28]
Event: 7.916 Thread 0x00000000154bc800 2153       2       java.util.concurrent.TimeUnit$4::toMillis (11 bytes)
Event: 7.916 Thread 0x00000000154bc800 nmethod 2153 0x0000000002fd9350 code [0x0000000002fd94a0, 0x0000000002fd9650]
Event: 7.940 Thread 0x00000000154bc800 2154       2       com.android.dx.cf.attrib.AttSignature::<init> (26 bytes)
Event: 7.941 Thread 0x00000000154bc800 nmethod 2154 0x0000000003685310 code [0x0000000003685480, 0x00000000036856c8]
Event: 7.944 Thread 0x00000000154bc800 2155       2       com.android.dx.cf.direct.StdAttributeFactory::signature (94 bytes)
Event: 7.948 Thread 0x00000000154bc800 nmethod 2155 0x00000000036a29d0 code [0x00000000036a2cc0, 0x00000000036a3c48]

GC Heap History (10 events):
Event: 2.315 GC heap before
{Heap before GC invocations=2 (full 0):
 PSYoungGen      total 33280K, used 33263K [0x00000000eab00000, 0x00000000eec00000, 0x0000000100000000)
  eden space 28672K, 100% used [0x00000000eab00000,0x00000000ec700000,0x00000000ec700000)
  from space 4608K, 99% used [0x00000000ec700000,0x00000000ecb7bda0,0x00000000ecb80000)
  to   space 4608K, 0% used [0x00000000ee780000,0x00000000ee780000,0x00000000eec00000)
 ParOldGen       total 76800K, used 1251K [0x00000000c0000000, 0x00000000c4b00000, 0x00000000eab00000)
  object space 76800K, 1% used [0x00000000c0000000,0x00000000c0138d50,0x00000000c4b00000)
 Metaspace       used 6119K, capacity 7088K, committed 7296K, reserved 1056768K
  class space    used 568K, capacity 616K, committed 640K, reserved 1048576K
Event: 2.339 GC heap after
Heap after GC invocations=2 (full 0):
 PSYoungGen      total 61952K, used 4602K [0x00000000eab00000, 0x00000000eec00000, 0x0000000100000000)
  eden space 57344K, 0% used [0x00000000eab00000,0x00000000eab00000,0x00000000ee300000)
  from space 4608K, 99% used [0x00000000ee780000,0x00000000eebfeac0,0x00000000eec00000)
  to   space 4608K, 0% used [0x00000000ee300000,0x00000000ee300000,0x00000000ee780000)
 ParOldGen       total 76800K, used 5299K [0x00000000c0000000, 0x00000000c4b00000, 0x00000000eab00000)
  object space 76800K, 6% used [0x00000000c0000000,0x00000000c052cd50,0x00000000c4b00000)
 Metaspace       used 6119K, capacity 7088K, committed 7296K, reserved 1056768K
  class space    used 568K, capacity 616K, committed 640K, reserved 1048576K
}
Event: 3.233 GC heap before
{Heap before GC invocations=3 (full 0):
 PSYoungGen      total 61952K, used 61946K [0x00000000eab00000, 0x00000000eec00000, 0x0000000100000000)
  eden space 57344K, 100% used [0x00000000eab00000,0x00000000ee300000,0x00000000ee300000)
  from space 4608K, 99% used [0x00000000ee780000,0x00000000eebfeac0,0x00000000eec00000)
  to   space 4608K, 0% used [0x00000000ee300000,0x00000000ee300000,0x00000000ee780000)
 ParOldGen       total 76800K, used 5299K [0x00000000c0000000, 0x00000000c4b00000, 0x00000000eab00000)
  object space 76800K, 6% used [0x00000000c0000000,0x00000000c052cd50,0x00000000c4b00000)
 Metaspace       used 6231K, capacity 7152K, committed 7296K, reserved 1056768K
  class space    used 568K, capacity 616K, committed 640K, reserved 1048576K
Event: 3.267 GC heap after
Heap after GC invocations=3 (full 0):
 PSYoungGen      total 61952K, used 4580K [0x00000000eab00000, 0x00000000f2400000, 0x0000000100000000)
  eden space 57344K, 0% used [0x00000000eab00000,0x00000000eab00000,0x00000000ee300000)
  from space 4608K, 99% used [0x00000000ee300000,0x00000000ee7791d8,0x00000000ee780000)
  to   space 4608K, 0% used [0x00000000f1f80000,0x00000000f1f80000,0x00000000f2400000)
 ParOldGen       total 76800K, used 16140K [0x00000000c0000000, 0x00000000c4b00000, 0x00000000eab00000)
  object space 76800K, 21% used [0x00000000c0000000,0x00000000c0fc3290,0x00000000c4b00000)
 Metaspace       used 6231K, capacity 7152K, committed 7296K, reserved 1056768K
  class space    used 568K, capacity 616K, committed 640K, reserved 1048576K
}
Event: 3.787 GC heap before
{Heap before GC invocations=4 (full 0):
 PSYoungGen      total 61952K, used 61924K [0x00000000eab00000, 0x00000000f2400000, 0x0000000100000000)
  eden space 57344K, 100% used [0x00000000eab00000,0x00000000ee300000,0x00000000ee300000)
  from space 4608K, 99% used [0x00000000ee300000,0x00000000ee7791d8,0x00000000ee780000)
  to   space 4608K, 0% used [0x00000000f1f80000,0x00000000f1f80000,0x00000000f2400000)
 ParOldGen       total 76800K, used 16140K [0x00000000c0000000, 0x00000000c4b00000, 0x00000000eab00000)
  object space 76800K, 21% used [0x00000000c0000000,0x00000000c0fc3290,0x00000000c4b00000)
 Metaspace       used 6272K, capacity 7152K, committed 7296K, reserved 1056768K
  class space    used 568K, capacity 616K, committed 640K, reserved 1048576K
Event: 3.835 GC heap after
Heap after GC invocations=4 (full 0):
 PSYoungGen      total 119296K, used 4600K [0x00000000eab00000, 0x00000000f2400000, 0x0000000100000000)
  eden space 114688K, 0% used [0x00000000eab00000,0x00000000eab00000,0x00000000f1b00000)
  from space 4608K, 99% used [0x00000000f1f80000,0x00000000f23fe378,0x00000000f2400000)
  to   space 4608K, 0% used [0x00000000f1b00000,0x00000000f1b00000,0x00000000f1f80000)
 ParOldGen       total 76800K, used 28357K [0x00000000c0000000, 0x00000000c4b00000, 0x00000000eab00000)
  object space 76800K, 36% used [0x00000000c0000000,0x00000000c1bb1538,0x00000000c4b00000)
 Metaspace       used 6272K, capacity 7152K, committed 7296K, reserved 1056768K
  class space    used 568K, capacity 616K, committed 640K, reserved 1048576K
}
Event: 5.703 GC heap before
{Heap before GC invocations=5 (full 0):
 PSYoungGen      total 119296K, used 119288K [0x00000000eab00000, 0x00000000f2400000, 0x0000000100000000)
  eden space 114688K, 100% used [0x00000000eab00000,0x00000000f1b00000,0x00000000f1b00000)
  from space 4608K, 99% used [0x00000000f1f80000,0x00000000f23fe378,0x00000000f2400000)
  to   space 4608K, 0% used [0x00000000f1b00000,0x00000000f1b00000,0x00000000f1f80000)
 ParOldGen       total 76800K, used 28357K [0x00000000c0000000, 0x00000000c4b00000, 0x00000000eab00000)
  object space 76800K, 36% used [0x00000000c0000000,0x00000000c1bb1538,0x00000000c4b00000)
 Metaspace       used 6535K, capacity 7282K, committed 7552K, reserved 1056768K
  class space    used 602K, capacity 618K, committed 640K, reserved 1048576K
Event: 5.763 GC heap after
Heap after GC invocations=5 (full 0):
 PSYoungGen      total 119296K, used 4594K [0x00000000eab00000, 0x00000000fbd00000, 0x0000000100000000)
  eden space 114688K, 0% used [0x00000000eab00000,0x00000000eab00000,0x00000000f1b00000)
  from space 4608K, 99% used [0x00000000f1b00000,0x00000000f1f7ca90,0x00000000f1f80000)
  to   space 25600K, 0% used [0x00000000fa400000,0x00000000fa400000,0x00000000fbd00000)
 ParOldGen       total 76800K, used 45308K [0x00000000c0000000, 0x00000000c4b00000, 0x00000000eab00000)
  object space 76800K, 58% used [0x00000000c0000000,0x00000000c2c3f1c0,0x00000000c4b00000)
 Metaspace       used 6535K, capacity 7282K, committed 7552K, reserved 1056768K
  class space    used 602K, capacity 618K, committed 640K, reserved 1048576K
}
Event: 7.277 GC heap before
{Heap before GC invocations=6 (full 0):
 PSYoungGen      total 119296K, used 119282K [0x00000000eab00000, 0x00000000fbd00000, 0x0000000100000000)
  eden space 114688K, 100% used [0x00000000eab00000,0x00000000f1b00000,0x00000000f1b00000)
  from space 4608K, 99% used [0x00000000f1b00000,0x00000000f1f7ca90,0x00000000f1f80000)
  to   space 25600K, 0% used [0x00000000fa400000,0x00000000fa400000,0x00000000fbd00000)
 ParOldGen       total 76800K, used 45308K [0x00000000c0000000, 0x00000000c4b00000, 0x00000000eab00000)
  object space 76800K, 58% used [0x00000000c0000000,0x00000000c2c3f1c0,0x00000000c4b00000)
 Metaspace       used 6572K, capacity 7282K, committed 7552K, reserved 1056768K
  class space    used 603K, capacity 618K, committed 640K, reserved 1048576K
Event: 7.367 GC heap after
Heap after GC invocations=6 (full 0):
 PSYoungGen      total 251904K, used 22461K [0x00000000eab00000, 0x00000000fc300000, 0x0000000100000000)
  eden space 226304K, 0% used [0x00000000eab00000,0x00000000eab00000,0x00000000f8800000)
  from space 25600K, 87% used [0x00000000fa400000,0x00000000fb9ef480,0x00000000fbd00000)
  to   space 28672K, 0% used [0x00000000f8800000,0x00000000f8800000,0x00000000fa400000)
 ParOldGen       total 76800K, used 45308K [0x00000000c0000000, 0x00000000c4b00000, 0x00000000eab00000)
  object space 76800K, 58% used [0x00000000c0000000,0x00000000c2c3f1c0,0x00000000c4b00000)
 Metaspace       used 6572K, capacity 7282K, committed 7552K, reserved 1056768K
  class space    used 603K, capacity 618K, committed 640K, reserved 1048576K
}

Deoptimization events (10 events):
Event: 6.180 Thread 0x00000000170aa000 Uncommon trap: reason=class_check action=maybe_recompile pc=0x00000000035d7cd4 method=com.android.dx.ssa.SCCP.simulatePhi(Lcom/android/dx/ssa/PhiInsn;)V @ 124
Event: 6.180 Thread 0x0000000002bce000 Uncommon trap: reason=class_check action=maybe_recompile pc=0x00000000035d7cd4 method=com.android.dx.ssa.SCCP.simulatePhi(Lcom/android/dx/ssa/PhiInsn;)V @ 124
Event: 6.180 Thread 0x0000000002bce000 Uncommon trap: reason=class_check action=maybe_recompile pc=0x00000000035d7cd4 method=com.android.dx.ssa.SCCP.simulatePhi(Lcom/android/dx/ssa/PhiInsn;)V @ 124
Event: 6.312 Thread 0x0000000002bce000 Uncommon trap: reason=unstable_if action=reinterpret pc=0x0000000003668f94 method=java.util.HashMap.getNode(ILjava/lang/Object;)Ljava/util/HashMap$Node; @ 84
Event: 7.504 Thread 0x00000000170aa000 Uncommon trap: reason=speculate_class_check action=maybe_recompile pc=0x000000000363e288 method=com.android.dx.ssa.SsaInsn.mapRegisters(Lcom/android/dx/ssa/RegisterMapper;)V @ 31
Event: 7.633 Thread 0x00000000170aa000 Uncommon trap: reason=speculate_class_check action=maybe_recompile pc=0x00000000036d66cc method=com.android.dx.ssa.SsaInsn.mapRegisters(Lcom/android/dx/ssa/RegisterMapper;)V @ 31
Event: 7.638 Thread 0x00000000170aa000 Uncommon trap: reason=speculate_class_check action=maybe_recompile pc=0x00000000036d66cc method=com.android.dx.ssa.SsaInsn.mapRegisters(Lcom/android/dx/ssa/RegisterMapper;)V @ 31
Event: 7.643 Thread 0x00000000170aa000 Uncommon trap: reason=speculate_class_check action=maybe_recompile pc=0x00000000036d66cc method=com.android.dx.ssa.SsaInsn.mapRegisters(Lcom/android/dx/ssa/RegisterMapper;)V @ 31
Event: 7.650 Thread 0x00000000170aa000 Uncommon trap: reason=unstable_if action=reinterpret pc=0x00000000034a0320 method=com.android.dx.ssa.SsaBasicBlock.newFromRop(Lcom/android/dx/rop/code/RopMethod;ILcom/android/dx/ssa/SsaMethod;)Lcom/android/dx/ssa/SsaBasicBlock; @ 164
Event: 7.666 Thread 0x0000000002bce000 Uncommon trap: reason=speculate_class_check action=maybe_recompile pc=0x0000000003690c30 method=com.android.dx.ssa.SsaInsn.mapRegisters(Lcom/android/dx/ssa/RegisterMapper;)V @ 31

Classes redefined (0 events):
No events

Internal exceptions (6 events):
Event: 0.061 Thread 0x0000000002bce000 Exception <a 'java/lang/NoSuchMethodError': Method sun.misc.Unsafe.defineClass(Ljava/lang/String;[BII)Ljava/lang/Class; name or signature does not match> (0x00000000eab07cb0) thrown at [D:\j\worksp~1\openjd~3\jdk8u\hotspot\src\share\vm\prims\jni.cpp, line
Event: 0.062 Thread 0x0000000002bce000 Exception <a 'java/lang/NoSuchMethodError': Method sun.misc.Unsafe.prefetchRead(Ljava/lang/Object;J)V name or signature does not match> (0x00000000eab07f98) thrown at [D:\j\worksp~1\openjd~3\jdk8u\hotspot\src\share\vm\prims\jni.cpp, line 4012]
Event: 4.259 Thread 0x0000000002bce000 Implicit null exception at 0x00000000030d0c22 to 0x00000000030d0d12
Event: 4.306 Thread 0x0000000002bce000 Exception <a 'java/lang/ArrayIndexOutOfBoundsException': 18> (0x00000000ec77b930) thrown at [D:\j\worksp~1\openjd~3\jdk8u\hotspot\src\share\vm\interpreter\interpreterRuntime.cpp, line 368]
Event: 4.307 Thread 0x0000000002bce000 Exception <a 'java/lang/ArrayIndexOutOfBoundsException'> (0x00000000ec77d4b0) thrown at [D:\j\worksp~1\openjd~3\jdk8u\hotspot\src\share\vm\runtime\sharedRuntime.cpp, line 605]
Event: 4.309 Thread 0x0000000002bce000 Exception <a 'java/lang/ArrayIndexOutOfBoundsException'> (0x00000000ec77e798) thrown at [D:\j\worksp~1\openjd~3\jdk8u\hotspot\src\share\vm\runtime\sharedRuntime.cpp, line 605]

Events (10 events):
Event: 7.650 Thread 0x00000000170aa000 Uncommon trap: trap_request=0xffffff65 fr.pc=0x00000000034a0320
Event: 7.650 Thread 0x00000000170aa000 DEOPT PACKING pc=0x00000000034a0320 sp=0x00000000174eeb40
Event: 7.650 Thread 0x00000000170aa000 DEOPT UNPACKING pc=0x0000000002e1557b sp=0x00000000174eeb38 mode 2
Event: 7.650 Thread 0x0000000002bce000 DEOPT PACKING pc=0x00000000035ee067 sp=0x0000000002ccdf00
Event: 7.650 Thread 0x0000000002bce000 DEOPT UNPACKING pc=0x0000000002e171d0 sp=0x0000000002ccdc60 mode 0
Event: 7.666 Thread 0x0000000002bce000 Uncommon trap: trap_request=0xffffff76 fr.pc=0x0000000003690c30
Event: 7.666 Thread 0x0000000002bce000 DEOPT PACKING pc=0x0000000003690c30 sp=0x0000000002cce090
Event: 7.666 Thread 0x0000000002bce000 DEOPT UNPACKING pc=0x0000000002e1557b sp=0x0000000002cce058 mode 2
Event: 7.765 Thread 0x00000000170aa000 DEOPT PACKING pc=0x0000000002faa1e0 sp=0x00000000174eeb90
Event: 7.765 Thread 0x00000000170aa000 DEOPT UNPACKING pc=0x0000000002e171d0 sp=0x00000000174ee8f0 mode 0


Dynamic libraries:
0x00007ff63b1c0000 - 0x00007ff63b1f5000 	C:\Program Files\Android\jdk\microsoft_dist_openjdk_1.8.0.25\bin\java.exe
0x00007ffb1a900000 - 0x00007ffb1aaed000 	C:\Windows\SYSTEM32\ntdll.dll
0x00007ffb182e0000 - 0x00007ffb18393000 	C:\Windows\System32\KERNEL32.DLL
0x00007ffb17050000 - 0x00007ffb172e3000 	C:\Windows\System32\KERNELBASE.dll
0x00007ffb18180000 - 0x00007ffb18223000 	C:\Windows\System32\ADVAPI32.dll
0x00007ffb180e0000 - 0x00007ffb1817e000 	C:\Windows\System32\msvcrt.dll
0x00007ffb183c0000 - 0x00007ffb1845e000 	C:\Windows\System32\sechost.dll
0x00007ffb17fb0000 - 0x00007ffb180d2000 	C:\Windows\System32\RPCRT4.dll
0x00007ffb185b0000 - 0x00007ffb18747000 	C:\Windows\System32\USER32.dll
0x00007ffb172f0000 - 0x00007ffb17310000 	C:\Windows\System32\win32u.dll
0x00007ffb19fd0000 - 0x00007ffb19ff9000 	C:\Windows\System32\GDI32.dll
0x00007ffb16d70000 - 0x00007ffb16f0a000 	C:\Windows\System32\gdi32full.dll
0x00007ffb16af0000 - 0x00007ffb16b90000 	C:\Windows\System32\msvcp_win.dll
0x00007ffb169f0000 - 0x00007ffb16aea000 	C:\Windows\System32\ucrtbase.dll
0x00007ffb01960000 - 0x00007ffb01bd9000 	C:\Windows\WinSxS\amd64_microsoft.windows.common-controls_6595b64144ccf1df_6.0.17763.503_none_05b23ef40721f4ae\COMCTL32.dll
0x00007ffb1a540000 - 0x00007ffb1a86c000 	C:\Windows\System32\combase.dll
0x00007ffb17310000 - 0x00007ffb1738e000 	C:\Windows\System32\bcryptPrimitives.dll
0x00007ffb19fa0000 - 0x00007ffb19fce000 	C:\Windows\System32\IMM32.DLL
0x000000005c380000 - 0x000000005c451000 	C:\Program Files\Android\jdk\microsoft_dist_openjdk_1.8.0.25\jre\bin\msvcr100.dll
0x000000005bb30000 - 0x000000005c375000 	C:\Program Files\Android\jdk\microsoft_dist_openjdk_1.8.0.25\jre\bin\server\jvm.dll
0x00007ffb1a060000 - 0x00007ffb1a068000 	C:\Windows\System32\PSAPI.DLL
0x00007ffb14aa0000 - 0x00007ffb14ac4000 	C:\Windows\SYSTEM32\WINMM.dll
0x00007ffb11960000 - 0x00007ffb1196a000 	C:\Windows\SYSTEM32\VERSION.dll
0x00007ffb0ffb0000 - 0x00007ffb0ffb9000 	C:\Windows\SYSTEM32\WSOCK32.dll
0x00007ffb1a420000 - 0x00007ffb1a48d000 	C:\Windows\System32\WS2_32.dll
0x00007ffb14a70000 - 0x00007ffb14a9d000 	C:\Windows\SYSTEM32\winmmbase.dll
0x00007ffb17ae0000 - 0x00007ffb17b2a000 	C:\Windows\System32\cfgmgr32.dll
0x00007ffb13130000 - 0x00007ffb1313f000 	C:\Program Files\Android\jdk\microsoft_dist_openjdk_1.8.0.25\jre\bin\verify.dll
0x00007ffb130e0000 - 0x00007ffb13109000 	C:\Program Files\Android\jdk\microsoft_dist_openjdk_1.8.0.25\jre\bin\java.dll
0x00007ffb0f5f0000 - 0x00007ffb0f606000 	C:\Program Files\Android\jdk\microsoft_dist_openjdk_1.8.0.25\jre\bin\zip.dll
0x00007ffb187e0000 - 0x00007ffb19cd0000 	C:\Windows\System32\SHELL32.dll
0x00007ffb18230000 - 0x00007ffb182d8000 	C:\Windows\System32\shcore.dll
0x00007ffb17390000 - 0x00007ffb17ada000 	C:\Windows\System32\windows.storage.dll
0x00007ffb169a0000 - 0x00007ffb169c4000 	C:\Windows\System32\profapi.dll
0x00007ffb16940000 - 0x00007ffb1699d000 	C:\Windows\System32\powrprof.dll
0x00007ffb1a3c0000 - 0x00007ffb1a412000 	C:\Windows\System32\shlwapi.dll
0x00007ffb16920000 - 0x00007ffb16931000 	C:\Windows\System32\kernel.appcore.dll
0x00007ffb169d0000 - 0x00007ffb169e7000 	C:\Windows\System32\cryptsp.dll

VM Arguments:
jvm_args: -Xmx1G 
java_command: C:\Program Files (x86)\Android\android-sdk\build-tools\27.0.3\\lib\dx.jar --dex --no-strict --output obj\Debug\81\android\bin C:\Users\hakye\source\repos\for_steel_challange\for_steel_challange\obj\Debug\81\android\bin\classes.zip C:\Program Files (x86)\Microsoft Visual Studio\2017\Community\Common7\IDE\ReferenceAssemblies\Microsoft\Framework\MonoAndroid\v8.1\mono.android.jar obj\Debug\81\lp\10\jl\bin\classes.jar obj\Debug\81\lp\11\jl\bin\classes.jar obj\Debug\81\lp\12\jl\bin\classes.jar obj\Debug\81\lp\13\jl\bin\classes.jar obj\Debug\81\lp\14\jl\bin\classes.jar obj\Debug\81\lp\15\jl\bin\classes.jar obj\Debug\81\lp\16\jl\bin\classes.jar obj\Debug\81\lp\2\jl\arch-core-common.jar obj\Debug\81\lp\3\jl\arch-lifecycle-common.jar obj\Debug\81\lp\4\jl\bin\classes.jar obj\Debug\81\lp\5\jl\bin\classes.jar obj\Debug\81\lp\7\jl\bin\classes.jar obj\Debug\81\lp\8\jl\bin\classes.jar obj\Debug\81\lp\9\jl\bin\classes.jar
java_class_path (initial): C:\Program Files (x86)\Android\android-sdk\build-tools\27.0.3\\lib\dx.jar
Launcher Type: SUN_STANDARD

Environment Variables:
PATH=C:\Program Files\Android\jdk\microsoft_dist_openjdk_1.8.0.25\bin;C:\Windows\system32;C:\Windows;C:\Windows\System32\Wbem;C:\Windows\System32\WindowsPowerShell\v1.0\;C:\Windows\System32\OpenSSH\;C:\Program Files\dotnet\;C:\Program Files\Microsoft SQL Server\130\Tools\Binn\;C:\Users\hakye\AppData\Local\Microsoft\WindowsApps;
USERNAME=hakye
OS=Windows_NT
PROCESSOR_IDENTIFIER=AMD64 Family 22 Model 48 Stepping 1, AuthenticAMD



---------------  S Y S T E M  ---------------

OS: Windows 10.0 , 64 bit Build 17763 (10.0.17763.475)

CPU:total 4 (initial active 4) (4 cores per cpu, 1 threads per core) family 22 model 48 stepping 1, cmov, cx8, fxsr, mmx, sse, sse2, sse3, ssse3, sse4.1, sse4.2, popcnt, avx, aes, clmul, mmxext, 3dnowpref, lzcnt, sse4a, tsc, tscinvbit, tscinv, bmi1

Memory: 4k page, physical 7299340k(1498300k free), swap 9396492k(5484k free)

vm_info: OpenJDK 64-Bit Server VM (25.71-b00) for windows-amd64 JRE (1.8.0-25-microsoft-b00), built on Feb  7 2019 20:09:14 by "builder" with MS VC++ 10.0 (VS2010)

time: Fri Jun 07 22:59:18 2019
timezone: RTZ 2 (зима)
elapsed time: 8 seconds (0d 0h 0m 8s)

